
> speech-to-text-app@0.1.0 start
> PORT=3001 react-scripts start

(node:22477) [DEP_WEBPACK_DEV_SERVER_ON_AFTER_SETUP_MIDDLEWARE] DeprecationWarning: 'onAfterSetupMiddleware' option is deprecated. Please use the 'setupMiddlewares' option.
(Use `node --trace-deprecation ...` to show where the warning was created)
(node:22477) [DEP_WEBPACK_DEV_SERVER_ON_BEFORE_SETUP_MIDDLEWARE] DeprecationWarning: 'onBeforeSetupMiddleware' option is deprecated. Please use the 'setupMiddlewares' option.
Starting the development server...

Compiled successfully!

You can now view speech-to-text-app in the browser.

  http://localhost:3001

Note that the development build is not optimized.
To create a production build, use npm run build.

webpack compiled successfully
Compiling...
Failed to compile.

Module not found: SyntaxError: /home/user/speech-to-text-app/package.json (directory description file): SyntaxError: /home/user/speech-to-text-app/package.json (directory description file): SyntaxError: /home/user/speech-to-text-app/package.json (directory description file): SyntaxError: /home/user/speech-to-text-app/package.json (directory description file): SyntaxError: /home/user/speech-to-text-app/package.json (directory description file): SyntaxError: /home/user/speech-to-text-app/package.json (directory description file): SyntaxError: /home/user/speech-to-text-app/package.json (directory description file): SyntaxError: /home/user/speech-to-text-app/package.json (directory description file): SyntaxError: /home/user/speech-to-text-app/package.json (directory description file): SyntaxError: /home/user/speech-to-text-app/package.json (directory description file): SyntaxError: Expected property name or '}' in JSON at position 2
ERROR in Module not found: SyntaxError: /home/user/speech-to-text-app/package.json (directory description file): SyntaxError: /home/user/speech-to-text-app/package.json (directory description file): SyntaxError: /home/user/speech-to-text-app/package.json (directory description file): SyntaxError: /home/user/speech-to-text-app/package.json (directory description file): SyntaxError: /home/user/speech-to-text-app/package.json (directory description file): SyntaxError: /home/user/speech-to-text-app/package.json (directory description file): SyntaxError: /home/user/speech-to-text-app/package.json (directory description file): SyntaxError: /home/user/speech-to-text-app/package.json (directory description file): SyntaxError: /home/user/speech-to-text-app/package.json (directory description file): SyntaxError: /home/user/speech-to-text-app/package.json (directory description file): SyntaxError: Expected property name or '}' in JSON at position 2

ERROR in Module not found: SyntaxError: /home/user/speech-to-text-app/package.json (directory description file): SyntaxError: /home/user/speech-to-text-app/package.json (directory description file): SyntaxError: /home/user/speech-to-text-app/package.json (directory description file): SyntaxError: /home/user/speech-to-text-app/package.json (directory description file): SyntaxError: /home/user/speech-to-text-app/package.json (directory description file): SyntaxError: /home/user/speech-to-text-app/package.json (directory description file): SyntaxError: /home/user/speech-to-text-app/package.json (directory description file): SyntaxError: /home/user/speech-to-text-app/package.json (directory description file): SyntaxError: /home/user/speech-to-text-app/package.json (directory description file): SyntaxError: Expected property name or '}' in JSON at position 2

ERROR in main
Module not found: SyntaxError: /home/user/speech-to-text-app/package.json (directory description file): SyntaxError: /home/user/speech-to-text-app/package.json (directory description file): SyntaxError: /home/user/speech-to-text-app/package.json (directory description file): SyntaxError: /home/user/speech-to-text-app/package.json (directory description file): SyntaxError: /home/user/speech-to-text-app/package.json (directory description file): SyntaxError: /home/user/speech-to-text-app/package.json (directory description file): SyntaxError: /home/user/speech-to-text-app/package.json (directory description file): SyntaxError: /home/user/speech-to-text-app/package.json (directory description file): SyntaxError: Expected property name or '}' in JSON at position 2

ERROR in Module not found: SyntaxError: /home/user/speech-to-text-app/package.json (directory description file): SyntaxError: /home/user/speech-to-text-app/package.json (directory description file): SyntaxError: /home/user/speech-to-text-app/package.json (directory description file): SyntaxError: /home/user/speech-to-text-app/package.json (directory description file): SyntaxError: /home/user/speech-to-text-app/package.json (directory description file): SyntaxError: /home/user/speech-to-text-app/package.json (directory description file): SyntaxError: /home/user/speech-to-text-app/package.json (directory description file): SyntaxError: Expected property name or '}' in JSON at position 2

ERROR in Error: Child compilation failed:
  Module not found: SyntaxError: /home/user/speech-to-text-app/package.json (dir  ectory description file): SyntaxError: /home/user/speech-to-text-app/package.j  son (directory description file): SyntaxError: /home/user/speech-to-text-app/p  ackage.json (directory description file): SyntaxError: /home/user/speech-to-te  xt-app/package.json (directory description file): SyntaxError: /home/user/spee  ch-to-text-app/package.json (directory description file): SyntaxError: Expecte  d property name or '}' in JSON at position 2
  ModuleNotFoundError: Module not found: SyntaxError: /home/user/speech-to-text-  app/package.json (directory description file): SyntaxError: /home/user/speech-  to-text-app/package.json (directory description file): SyntaxError: /home/user  /speech-to-text-app/package.json (directory description file): SyntaxError: /h  ome/user/speech-to-text-app/package.json (directory description file): SyntaxE  rror: /home/user/speech-to-text-app/package.json (directory description file):   SyntaxError: Expected property name or '}' in JSON at position 2
      at /home/user/speech-to-text-app/node_modules/webpack/lib/Compilation.js:2  123:28
      at /home/user/speech-to-text-app/node_modules/webpack/lib/NormalModuleFact  ory.js:923:13
      at eval (eval at create (/home/user/speech-to-text-app/node_modules/tapabl  e/lib/HookCodeFactory.js:33:10), <anonymous>:10:1)
      at /home/user/speech-to-text-app/node_modules/webpack/lib/NormalModuleFact  ory.js:339:22
      at eval (eval at create (/home/user/speech-to-text-app/node_modules/tapabl  e/lib/HookCodeFactory.js:33:10), <anonymous>:9:1)
      at /home/user/speech-to-text-app/node_modules/webpack/lib/NormalModuleFact  ory.js:520:22
      at /home/user/speech-to-text-app/node_modules/webpack/lib/NormalModuleFact  ory.js:155:10
      at /home/user/speech-to-text-app/node_modules/webpack/lib/NormalModuleFact  ory.js:745:23
      at /home/user/speech-to-text-app/node_modules/neo-async/async.js:2830:7
      at done (/home/user/speech-to-text-app/node_modules/neo-async/async.js:292  5:13)
      at /home/user/speech-to-text-app/node_modules/webpack/lib/NormalModuleFact  ory.js:1192:23
      at /home/user/speech-to-text-app/node_modules/enhanced-resolve/lib/Resolve  r.js:620:22
      at /home/user/speech-to-text-app/node_modules/enhanced-resolve/lib/Resolve  r.js:716:21
      at eval (eval at create (/home/user/speech-to-text-app/node_modules/tapabl  e/lib/HookCodeFactory.js:33:10), <anonymous>:24:1)
      at done (/home/user/speech-to-text-app/node_modules/webpack/lib/cache/Reso  lverCachePlugin.js:355:13)
      at /home/user/speech-to-text-app/node_modules/webpack/lib/cache/ResolverCa  chePlugin.js:195:22
      at /home/user/speech-to-text-app/node_modules/enhanced-resolve/lib/Resolve  r.js:716:21
      at eval (eval at create (/home/user/speech-to-text-app/node_modules/tapabl  e/lib/HookCodeFactory.js:33:10), <anonymous>:10:1)
      at /home/user/speech-to-text-app/node_modules/enhanced-resolve/lib/Resolve  r.js:716:21
      at eval (eval at create (/home/user/speech-to-text-app/node_modules/tapabl  e/lib/HookCodeFactory.js:33:10), <anonymous>:24:1)
      at /home/user/speech-to-text-app/node_modules/enhanced-resolve/lib/Descrip  tionFilePlugin.js:58:24
      at /home/user/speech-to-text-app/node_modules/enhanced-resolve/lib/Descrip  tionFileUtils.js:146:21
      at /home/user/speech-to-text-app/node_modules/enhanced-resolve/lib/forEach  Bail.js:39:13
      at onJson (/home/user/speech-to-text-app/node_modules/enhanced-resolve/lib  /DescriptionFileUtils.js:131:14)
      at /home/user/speech-to-text-app/node_modules/enhanced-resolve/lib/Descrip  tionFileUtils.js:81:15
      at runCallbacks (/home/user/speech-to-text-app/node_modules/enhanced-resol  ve/lib/CachedInputFileSystem.js:52:4)
      at /home/user/speech-to-text-app/node_modules/enhanced-resolve/lib/CachedI  nputFileSystem.js:279:5
      at Array.<anonymous> (/home/user/speech-to-text-app/node_modules/enhanced-  resolve/lib/CachedInputFileSystem.js:596:17)
      at runCallbacks (/home/user/speech-to-text-app/node_modules/enhanced-resol  ve/lib/CachedInputFileSystem.js:45:15)
      at /home/user/speech-to-text-app/node_modules/enhanced-resolve/lib/CachedI  nputFileSystem.js:279:5
      at /home/user/speech-to-text-app/node_modules/graceful-fs/graceful-fs.js:1  23:16
      at FSReqCallback.readFileAfterClose [as oncomplete] (node:internal/fs/read  /context:68:3)
  
  - Compilation.js:2123 
    [speech-to-text-app]/[webpack]/lib/Compilation.js:2123:28
  
  - NormalModuleFactory.js:923 
    [speech-to-text-app]/[webpack]/lib/NormalModuleFactory.js:923:13
  
  
  - NormalModuleFactory.js:339 
    [speech-to-text-app]/[webpack]/lib/NormalModuleFactory.js:339:22
  
  
  - NormalModuleFactory.js:520 
    [speech-to-text-app]/[webpack]/lib/NormalModuleFactory.js:520:22
  
  - NormalModuleFactory.js:155 
    [speech-to-text-app]/[webpack]/lib/NormalModuleFactory.js:155:10
  
  - NormalModuleFactory.js:745 
    [speech-to-text-app]/[webpack]/lib/NormalModuleFactory.js:745:23
  
  - async.js:2830 
    [speech-to-text-app]/[neo-async]/async.js:2830:7
  
  - async.js:2925 done
    [speech-to-text-app]/[neo-async]/async.js:2925:13
  
  - NormalModuleFactory.js:1192 
    [speech-to-text-app]/[webpack]/lib/NormalModuleFactory.js:1192:23
  
  - Resolver.js:620 
    [speech-to-text-app]/[enhanced-resolve]/lib/Resolver.js:620:22
  
  - Resolver.js:716 
    [speech-to-text-app]/[enhanced-resolve]/lib/Resolver.js:716:21
  
  
  - ResolverCachePlugin.js:355 done
    [speech-to-text-app]/[webpack]/lib/cache/ResolverCachePlugin.js:355:13
  
  - ResolverCachePlugin.js:195 
    [speech-to-text-app]/[webpack]/lib/cache/ResolverCachePlugin.js:195:22
  
  - Resolver.js:716 
    [speech-to-text-app]/[enhanced-resolve]/lib/Resolver.js:716:21
  
  
  - Resolver.js:716 
    [speech-to-text-app]/[enhanced-resolve]/lib/Resolver.js:716:21
  
  
  - DescriptionFilePlugin.js:58 
    [speech-to-text-app]/[enhanced-resolve]/lib/DescriptionFilePlugin.js:58:24
  
  - DescriptionFileUtils.js:146 
    [speech-to-text-app]/[enhanced-resolve]/lib/DescriptionFileUtils.js:146:21
  
  - forEachBail.js:39 
    [speech-to-text-app]/[enhanced-resolve]/lib/forEachBail.js:39:13
  
  - DescriptionFileUtils.js:131 onJson
    [speech-to-text-app]/[enhanced-resolve]/lib/DescriptionFileUtils.js:131:14
  
  - DescriptionFileUtils.js:81 
    [speech-to-text-app]/[enhanced-resolve]/lib/DescriptionFileUtils.js:81:15
  
  - CachedInputFileSystem.js:52 runCallbacks
    [speech-to-text-app]/[enhanced-resolve]/lib/CachedInputFileSystem.js:52:4
  
  - CachedInputFileSystem.js:279 
    [speech-to-text-app]/[enhanced-resolve]/lib/CachedInputFileSystem.js:279:5
  
  - CachedInputFileSystem.js:596 Array.<anonymous>
    [speech-to-text-app]/[enhanced-resolve]/lib/CachedInputFileSystem.js:596:17
  
  - CachedInputFileSystem.js:45 runCallbacks
    [speech-to-text-app]/[enhanced-resolve]/lib/CachedInputFileSystem.js:45:15
  
  - CachedInputFileSystem.js:279 
    [speech-to-text-app]/[enhanced-resolve]/lib/CachedInputFileSystem.js:279:5
  
  - graceful-fs.js:123 
    [speech-to-text-app]/[graceful-fs]/graceful-fs.js:123:16
  
  - context:68 FSReqCallback.readFileAfterClose [as oncomplete]
    node:internal/fs/read/context:68:3
  
  - child-compiler.js:211 
    [speech-to-text-app]/[html-webpack-plugin]/lib/child-compiler.js:211:18
  
  - Compiler.js:629 finalCallback
    [speech-to-text-app]/[webpack]/lib/Compiler.js:629:5
  
  - Compiler.js:664 
    [speech-to-text-app]/[webpack]/lib/Compiler.js:664:11
  
  - Compiler.js:1350 
    [speech-to-text-app]/[webpack]/lib/Compiler.js:1350:17
  
  
  - Hook.js:18 Hook.CALL_ASYNC_DELEGATE [as _callAsync]
    [speech-to-text-app]/[tapable]/lib/Hook.js:18:14
  
  - Compiler.js:1346 
    [speech-to-text-app]/[webpack]/lib/Compiler.js:1346:33
  
  - Compilation.js:2938 finalCallback
    [speech-to-text-app]/[webpack]/lib/Compilation.js:2938:11
  
  - Compilation.js:3251 
    [speech-to-text-app]/[webpack]/lib/Compilation.js:3251:11
  
  
  - Hook.js:18 Hook.CALL_ASYNC_DELEGATE [as _callAsync]
    [speech-to-text-app]/[tapable]/lib/Hook.js:18:14
  
  - Compilation.js:3244 
    [speech-to-text-app]/[webpack]/lib/Compilation.js:3244:38
  
  
  - Compilation.js:540 
    [speech-to-text-app]/[webpack]/lib/Compilation.js:540:10
  
  - SourceMapDevToolPlugin.js:599 
    [speech-to-text-app]/[webpack]/lib/SourceMapDevToolPlugin.js:599:10
  
  - async.js:2830 
    [speech-to-text-app]/[neo-async]/async.js:2830:7
  
  - async.js:2857 Object.each
    [speech-to-text-app]/[neo-async]/async.js:2857:9
  
  - SourceMapDevToolPlugin.js:422 
    [speech-to-text-app]/[webpack]/lib/SourceMapDevToolPlugin.js:422:17
  
  - async.js:2830 
    [speech-to-text-app]/[neo-async]/async.js:2830:7

1 ERROR in child compilations (Use 'stats.children: true' resp. '--stats-children' for more details)
webpack compiled with 6 errors
Compiling...
Failed to compile.

[eslint] 
src/App.js
Syntax error: Unexpected token (2:1) (2:1)
ERROR in ./src/App.js
Module build failed (from ./node_modules/babel-loader/lib/index.js):
SyntaxError: /home/user/speech-to-text-app/src/App.js: Unexpected token (2:1)

  1 |
> 2 | <<<<<<< HEAD
    |  ^
  3 | import React from 'react';
  4 | import './App.css';
  5 | import SpeechToText from './components/SpeechToText';
    at constructor (/home/user/speech-to-text-app/node_modules/@babel/parser/lib/index.js:359:19)
    at FlowParserMixin.raise (/home/user/speech-to-text-app/node_modules/@babel/parser/lib/index.js:3266:19)
    at FlowParserMixin.unexpected (/home/user/speech-to-text-app/node_modules/@babel/parser/lib/index.js:3286:16)
    at FlowParserMixin.jsxParseIdentifier (/home/user/speech-to-text-app/Failed to compile.

[eslint] 
src/App.js
Syntax error: Unexpected token (2:1) (2:1)
ERROR in ./src/App.js
Module build failed (from ./node_modules/babel-loader/lib/index.js):
SyntaxError: /home/user/speech-to-text-app/src/App.js: Unexpected token (2:1)

  1 |
> 2 | <<<<<<< HEAD
    |  ^
  3 | import React from 'react';
  4 | import './App.css';
  5 | import SpeechToText from './components/SpeechToText';
    at constructor (/home/user/speech-to-text-app/node_modules/@babel/parser/lib/index.js:359:19)
    at FlowParserMixin.raise (/home/user/speech-to-text-app/node_modules/@babel/parser/lib/index.js:3266:19)
    at FlowParserMixin.unexpected (/home/user/speech-to-text-app/node_modules/@babel/parser/lib/index.js:3286:16)
    at FlowParserMixin.jsxParseIdentifier (/home/user/speech-to-text-app/node_modules/@babel/parser/lib/index.js:6623:12)
    at FlowParserMixin.jsxParseNamespacedName (/home/user/speech-to-text-app/node_modules/@babel/parser/lib/index.js:6630:23)
    at FlowParserMixin.jsxParseElementName (/home/user/speech-to-text-app/node_modules/@babel/parser/lib/index.js:6639:21)
    at FlowParserMixin.jsxParseOpeningElementAt (/home/user/speech-to-text-app/node_modules/@babel/parser/lib/index.js:6715:22)
    at FlowParserMixin.jsxParseElementAt (/home/user/speech-to-text-app/node_modules/@babel/parser/lib/index.js:6740:33)
    at FlowParserMixin.jsxParseElement (/home/user/speech-to-text-app/node_modules/@babel/parser/lib/index.js:6803:17)
    at FlowParserMixin.parseExprAtom (/home/user/speech-to-text-app/node_modules/@babel/parser/lib/index.js:6813:19)
    at FlowParserMixin.parseExprSubscripts (/home/user/speech-to-text-app/node_modules/@babel/parser/lib/index.js:10615:23)
    at FlowParserMixin.parseUpdate (/home/user/speech-to-text-app/node_modules/@babel/parser/lib/index.js:10600:21)
    at FlowParserMixin.parseMaybeUnary (/home/user/speech-to-text-app/node_modules/@babel/parser/lib/index.js:10580:23)
    at FlowParserMixin.parseMaybeUnaryOrPrivate (/home/user/speech-to-text-app/node_modules/@babel/parser/lib/index.js:10434:61)
    at FlowParserMixin.parseExprOps (/home/user/speech-to-text-app/node_modules/@babel/parser/lib/index.js:10439:23)
    at FlowParserMixin.parseMaybeConditional (/home/user/speech-to-text-app/node_modules/@babel/parser/lib/index.js:10416:23)
    at FlowParserMixin.parseMaybeAssign (/home/user/speech-to-text-app/node_modules/@babel/parser/lib/index.js:10379:21)
    at /home/user/speech-to-text-app/node_modules/@babel/parser/lib/index.js:5634:39
    at FlowParserMixin.tryParse (/home/user/speech-to-text-app/node_modules/@babel/parser/lib/index.js:3604:20)
    at FlowParserMixin.parseMaybeAssign (/home/user/speech-to-text-app/node_modules/@babel/parser/lib/index.js:5634:18)
    at FlowParserMixin.parseExpressionBase (/home/user/speech-to-text-app/node_modules/@babel/parser/lib/index.js:10333:23)
    at /home/user/speech-to-text-app/node_modules/@babel/parser/lib/index.js:10329:39
    at FlowParserMixin.allowInAnd (/home/user/speech-to-text-app/node_modules/@babel/parser/lib/index.js:11946:16)
    at FlowParserMixin.parseExpression (/home/user/speech-to-text-app/node_modules/@babel/parser/lib/index.js:10329:17)
    at FlowParserMixin.parseStatementContent (/home/user/speech-to-text-app/node_modules/@babel/parser/lib/index.js:12390:23)
    at FlowParserMixin.parseStatementLike (/home/user/speech-to-text-app/node_modules/@babel/parser/lib/index.js:12257:17)
    at FlowParserMixin.parseStatementLike (/home/user/speech-to-text-app/node_modules/@babel/parser/lib/index.js:5054:24)
    at FlowParserMixin.parseModuleItem (/home/user/speech-to-text-app/node_modules/@babel/parser/lib/index.js:12234:17)
    at FlowParserMixin.parseBlockOrModuleBlockBody (/home/user/speech-to-text-app/node_modules/@babel/parser/lib/index.js:12810:36)
    at FlowParserMixin.parseBlockBody (/home/user/speech-to-text-app/node_modules/@babel/parser/lib/index.js:12803:10)
    at FlowParserMixin.parseProgram (/home/user/speech-to-text-app/node_modules/@babel/parser/lib/index.js:12131:10)
    at FlowParserMixin.parseTopLevel (/home/user/speech-to-text-app/node_modules/@babel/parser/lib/index.js:12121:25)
    at FlowParserMixin.parseTopLevel (/home/user/speech-to-text-app/node_modules/@babel/parser/lib/index.js:5821:28)
    at FlowParserMixin.parse (/home/user/speech-to-text-app/node_modules/@babel/parser/lib/index.js:13929:10)
    at parse (/home/user/speech-to-text-app/node_modules/@babel/parser/lib/index.js:13963:38)
    at parser (/home/user/speech-to-text-app/node_modules/@babel/core/lib/parser/index.js:41:34)
    at parser.next (<anonymous>)
    at normalizeFile (/home/user/speech-to-text-app/node_modules/@babel/core/lib/transformation/normalize-file.js:64:37)
    at normalizeFile.next (<anonymous>)
    at run (/home/user/speech-to-text-app/node_modules/@babel/core/lib/transformation/index.js:22:50)
    at run.next (<anonymous>)
    at transform (/home/usCompiling...
Compiled successfully!
webpack compiled successfully
:33)
    at transform.next (<anonymous>)
    at step (/home/user/speech-to-text-app/node_modules/gensync/index.js:261:32)
    at /home/user/speech-to-text-app/node_modules/gensync/index.js:273:13
    at async.call.result.err.err (/home/user/speech-to-text-app/node_modules/gensync/index.js:223:11)

ERROR in [eslint] 
src/App.js
  Line 2:1:  Parsing error: Unexpected token (2:1)

webpack compiled with 2 errors
Compiling...
Compiled successfully!
webpack compiled successfully
